2012-09-04 18:04:03 Error: [MissingControllerException] Controller class CssController could not be found.
#0 /Applications/MAMP/htdocs/cakeStrap/app/webroot/index.php(92): Dispatcher->dispatch(Object(CakeRequest), Object(CakeResponse))
#1 {main}
2012-09-04 18:22:02 Error: [MissingControllerException] Controller class CssController could not be found.
#0 /Applications/MAMP/htdocs/cakeStrap/app/webroot/index.php(92): Dispatcher->dispatch(Object(CakeRequest), Object(CakeResponse))
#1 {main}
2012-09-04 18:35:02 Error: Fatal Error (4): syntax error, unexpected ')', expecting ',' or ';' in [/Applications/MAMP/htdocs/cakeStrap/app/View/Layouts/default.ctp, line 21]
2012-09-04 18:35:02 Error: [FatalErrorException] syntax error, unexpected ')', expecting ',' or ';'
#0 /Applications/MAMP/htdocs/cakeStrap/lib/Cake/Error/ErrorHandler.php(162): ErrorHandler::handleFatalError(4, 'syntax error, u...', '/Applications/M...', 21)
#1 [internal function]: ErrorHandler::handleError(4, 'syntax error, u...', '/Applications/M...', 21, Array)
#2 /Applications/MAMP/htdocs/cakeStrap/lib/Cake/Core/App.php(926): call_user_func('ErrorHandler::h...', 4, 'syntax error, u...', '/Applications/M...', 21, Array)
#3 /Applications/MAMP/htdocs/cakeStrap/lib/Cake/Core/App.php(899): App::_checkFatalError()
#4 [internal function]: App::shutdown()
#5 {main}
2012-10-31 17:03:19 Error: Fatal Error (4): syntax error, unexpected 'new' (T_NEW) in [C:\xampp\htdocs\caketeste\app\Model\User.php, line 8]
2012-10-31 17:03:19 Error: [FatalErrorException] syntax error, unexpected 'new' (T_NEW)
#0 C:\xampp\htdocs\caketeste\lib\Cake\Error\ErrorHandler.php(162): ErrorHandler::handleFatalError(4, 'syntax error, u...', 'C:\xampp\htdocs...', 8)
#1 [internal function]: ErrorHandler::handleError(4, 'syntax error, u...', 'C:\xampp\htdocs...', 8, Array)
#2 C:\xampp\htdocs\caketeste\lib\Cake\Core\App.php(926): call_user_func('ErrorHandler::h...', 4, 'syntax error, u...', 'C:\xampp\htdocs...', 8, Array)
#3 C:\xampp\htdocs\caketeste\lib\Cake\Core\App.php(899): App::_checkFatalError()
#4 [internal function]: App::shutdown()
#5 {main}
2012-10-31 17:05:50 Error: Fatal Error (4): syntax error, unexpected ')', expecting '(' in [C:\xampp\htdocs\caketeste\app\Model\User.php, line 8]
2012-10-31 17:05:50 Error: [FatalErrorException] syntax error, unexpected ')', expecting '('
#0 C:\xampp\htdocs\caketeste\lib\Cake\Error\ErrorHandler.php(162): ErrorHandler::handleFatalError(4, 'syntax error, u...', 'C:\xampp\htdocs...', 8)
#1 [internal function]: ErrorHandler::handleError(4, 'syntax error, u...', 'C:\xampp\htdocs...', 8, Array)
#2 C:\xampp\htdocs\caketeste\lib\Cake\Core\App.php(926): call_user_func('ErrorHandler::h...', 4, 'syntax error, u...', 'C:\xampp\htdocs...', 8, Array)
#3 C:\xampp\htdocs\caketeste\lib\Cake\Core\App.php(899): App::_checkFatalError()
#4 [internal function]: App::shutdown()
#5 {main}
2012-10-31 17:41:23 Error: [MissingViewException] View file "C:\xampp\htdocs\caketeste\app\View\Pages\display.ctp" is missing.
#0 C:\xampp\htdocs\caketeste\lib\Cake\View\View.php(472): View->_getViewFileName(NULL)
#1 C:\xampp\htdocs\caketeste\lib\Cake\Controller\Controller.php(957): View->render(NULL, NULL)
#2 C:\xampp\htdocs\caketeste\lib\Cake\Routing\Dispatcher.php(193): Controller->render()
#3 C:\xampp\htdocs\caketeste\lib\Cake\Routing\Dispatcher.php(161): Dispatcher->_invoke(Object(PagesController), Object(CakeRequest), Object(CakeResponse))
#4 C:\xampp\htdocs\caketeste\app\webroot\index.php(92): Dispatcher->dispatch(Object(CakeRequest), Object(CakeResponse))
#5 {main}
2012-10-31 18:51:48 Error: [MissingViewException] View file "C:\xampp\htdocs\caketeste\app\View\Posts\view.ctp" is missing.
#0 C:\xampp\htdocs\caketeste\lib\Cake\View\View.php(472): View->_getViewFileName(NULL)
#1 C:\xampp\htdocs\caketeste\lib\Cake\Controller\Controller.php(957): View->render(NULL, NULL)
#2 C:\xampp\htdocs\caketeste\lib\Cake\Routing\Dispatcher.php(193): Controller->render()
#3 C:\xampp\htdocs\caketeste\lib\Cake\Routing\Dispatcher.php(161): Dispatcher->_invoke(Object(PostsController), Object(CakeRequest), Object(CakeResponse))
#4 C:\xampp\htdocs\caketeste\app\webroot\index.php(92): Dispatcher->dispatch(Object(CakeRequest), Object(CakeResponse))
#5 {main}
2012-11-14 17:53:40 Error: [MissingViewException] View file "C:\xampp\htdocs\caketeste\app\View\Posts\add.ctp" is missing.
#0 C:\xampp\htdocs\caketeste\lib\Cake\View\View.php(472): View->_getViewFileName(NULL)
#1 C:\xampp\htdocs\caketeste\lib\Cake\Controller\Controller.php(957): View->render(NULL, NULL)
#2 C:\xampp\htdocs\caketeste\lib\Cake\Routing\Dispatcher.php(193): Controller->render()
#3 C:\xampp\htdocs\caketeste\lib\Cake\Routing\Dispatcher.php(161): Dispatcher->_invoke(Object(PostsController), Object(CakeRequest), Object(CakeResponse))
#4 C:\xampp\htdocs\caketeste\app\webroot\index.php(92): Dispatcher->dispatch(Object(CakeRequest), Object(CakeResponse))
#5 {main}
2012-11-14 18:17:24 Error: Fatal Error (4): syntax error, unexpected '<' in [C:\xampp\htdocs\caketeste\app\View\Posts\index.ctp, line 5]
2012-11-14 18:17:25 Error: [FatalErrorException] syntax error, unexpected '<'
#0 C:\xampp\htdocs\caketeste\lib\Cake\Error\ErrorHandler.php(162): ErrorHandler::handleFatalError(4, 'syntax error, u...', 'C:\xampp\htdocs...', 5)
#1 [internal function]: ErrorHandler::handleError(4, 'syntax error, u...', 'C:\xampp\htdocs...', 5, Array)
#2 C:\xampp\htdocs\caketeste\lib\Cake\Core\App.php(926): call_user_func('ErrorHandler::h...', 4, 'syntax error, u...', 'C:\xampp\htdocs...', 5, Array)
#3 C:\xampp\htdocs\caketeste\lib\Cake\Core\App.php(899): App::_checkFatalError()
#4 [internal function]: App::shutdown()
#5 {main}
2012-11-27 21:24:31 Error: [MissingConnectionException] Database connection "SQLSTATE[28000] [1045] Access denied for user 'root'@'localhost' (using password: NO)" is missing, or could not be created.
#0 /Users/tiagolink/Sites/mamp/tiagolink/blog/lib/Cake/Model/Datasource/DboSource.php(260): Mysql->connect()
#1 /Users/tiagolink/Sites/mamp/tiagolink/blog/lib/Cake/Model/ConnectionManager.php(101): DboSource->__construct(Array)
#2 /Users/tiagolink/Sites/mamp/tiagolink/blog/lib/Cake/Model/Model.php(3158): ConnectionManager::getDataSource('default')
#3 /Users/tiagolink/Sites/mamp/tiagolink/blog/lib/Cake/Model/Model.php(1092): Model->setDataSource('default')
#4 /Users/tiagolink/Sites/mamp/tiagolink/blog/lib/Cake/Model/Model.php(3180): Model->setSource('users')
#5 /Users/tiagolink/Sites/mamp/tiagolink/blog/lib/Cake/Model/Model.php(1301): Model->getDataSource()
#6 /Users/tiagolink/Sites/mamp/tiagolink/blog/lib/Cake/View/Helper/FormHelper.php(197): Model->schema()
#7 /Users/tiagolink/Sites/mamp/tiagolink/blog/lib/Cake/View/Helper/FormHelper.php(436): FormHelper->_introspectModel('User', 'fields')
#8 /Users/tiagolink/Sites/mamp/tiagolink/blog/app/View/Elements/form_login.ctp(19): FormHelper->create('User', Array)
#9 /Users/tiagolink/Sites/mamp/tiagolink/blog/lib/Cake/View/View.php(920): include('/Users/tiagolin...')
#10 /Users/tiagolink/Sites/mamp/tiagolink/blog/lib/Cake/View/View.php(883): View->_evaluate('/Users/tiagolin...', Array)
#11 /Users/tiagolink/Sites/mamp/tiagolink/blog/lib/Cake/View/View.php(424): View->_render('/Users/tiagolin...', Array)
#12 /Users/tiagolink/Sites/mamp/tiagolink/blog/app/View/Pages/home.ctp(65): View->element('form_login')
#13 /Users/tiagolink/Sites/mamp/tiagolink/blog/lib/Cake/View/View.php(920): include('/Users/tiagolin...')
#14 /Users/tiagolink/Sites/mamp/tiagolink/blog/lib/Cake/View/View.php(883): View->_evaluate('/Users/tiagolin...', Array)
#15 /Users/tiagolink/Sites/mamp/tiagolink/blog/lib/Cake/View/View.php(475): View->_render('/Users/tiagolin...')
#16 /Users/tiagolink/Sites/mamp/tiagolink/blog/lib/Cake/Controller/Controller.php(957): View->render(NULL, NULL)
#17 /Users/tiagolink/Sites/mamp/tiagolink/blog/lib/Cake/Routing/Dispatcher.php(193): Controller->render()
#18 /Users/tiagolink/Sites/mamp/tiagolink/blog/lib/Cake/Routing/Dispatcher.php(161): Dispatcher->_invoke(Object(PagesController), Object(CakeRequest), Object(CakeResponse))
#19 /Users/tiagolink/Sites/mamp/tiagolink/blog/app/webroot/index.php(92): Dispatcher->dispatch(Object(CakeRequest), Object(CakeResponse))
#20 {main}
2012-11-27 21:24:34 Error: [MissingControllerException] Controller class JsController could not be found.
#0 /Users/tiagolink/Sites/mamp/tiagolink/blog/app/webroot/index.php(92): Dispatcher->dispatch(Object(CakeRequest), Object(CakeResponse))
#1 {main}
2012-11-27 21:24:50 Error: [MissingControllerException] Controller class JsController could not be found.
#0 /Users/tiagolink/Sites/mamp/tiagolink/blog/app/webroot/index.php(92): Dispatcher->dispatch(Object(CakeRequest), Object(CakeResponse))
#1 {main}
2012-11-27 21:25:03 Error: [MissingControllerException] Controller class JsController could not be found.
#0 /Users/tiagolink/Sites/mamp/tiagolink/blog/app/webroot/index.php(92): Dispatcher->dispatch(Object(CakeRequest), Object(CakeResponse))
#1 {main}
2012-11-27 21:25:11 Error: [MissingControllerException] Controller class JsController could not be found.
#0 /Users/tiagolink/Sites/mamp/tiagolink/blog/app/webroot/index.php(92): Dispatcher->dispatch(Object(CakeRequest), Object(CakeResponse))
#1 {main}
2012-11-27 21:25:16 Error: [MissingControllerException] Controller class JsController could not be found.
#0 /Users/tiagolink/Sites/mamp/tiagolink/blog/app/webroot/index.php(92): Dispatcher->dispatch(Object(CakeRequest), Object(CakeResponse))
#1 {main}
2012-11-27 21:25:35 Error: [MissingControllerException] Controller class JsController could not be found.
#0 /Users/tiagolink/Sites/mamp/tiagolink/blog/app/webroot/index.php(92): Dispatcher->dispatch(Object(CakeRequest), Object(CakeResponse))
#1 {main}
2012-11-27 21:26:49 Error: [MissingControllerException] Controller class JsController could not be found.
#0 /Users/tiagolink/Sites/mamp/tiagolink/blog/app/webroot/index.php(92): Dispatcher->dispatch(Object(CakeRequest), Object(CakeResponse))
#1 {main}
2012-11-27 21:27:06 Error: [MissingControllerException] Controller class PostsController could not be found.
#0 /Users/tiagolink/Sites/mamp/tiagolink/blog/app/webroot/index.php(92): Dispatcher->dispatch(Object(CakeRequest), Object(CakeResponse))
#1 {main}
2012-11-27 21:27:40 Error: [MissingControllerException] Controller class JsController could not be found.
#0 /Users/tiagolink/Sites/mamp/tiagolink/blog/app/webroot/index.php(92): Dispatcher->dispatch(Object(CakeRequest), Object(CakeResponse))
#1 {main}
2012-11-27 21:27:48 Error: [MissingControllerException] Controller class JsController could not be found.
#0 /Users/tiagolink/Sites/mamp/tiagolink/blog/app/webroot/index.php(92): Dispatcher->dispatch(Object(CakeRequest), Object(CakeResponse))
#1 {main}
2012-11-27 22:33:49 Error: [MissingConnectionException] Database connection "SQLSTATE[HY000] [1045] Access denied for user 'root'@'localhost' (using password: YES)" is missing, or could not be created.
#0 C:\xampp\htdocs\oseias\comp_curric_1\blog\lib\Cake\Model\Datasource\DboSource.php(260): Mysql->connect()
#1 C:\xampp\htdocs\oseias\comp_curric_1\blog\lib\Cake\Model\ConnectionManager.php(101): DboSource->__construct(Array)
#2 C:\xampp\htdocs\oseias\comp_curric_1\blog\lib\Cake\Model\Model.php(3158): ConnectionManager::getDataSource('default')
#3 C:\xampp\htdocs\oseias\comp_curric_1\blog\lib\Cake\Model\Model.php(1092): Model->setDataSource('default')
#4 C:\xampp\htdocs\oseias\comp_curric_1\blog\lib\Cake\Model\Model.php(3180): Model->setSource('users')
#5 C:\xampp\htdocs\oseias\comp_curric_1\blog\lib\Cake\Model\Model.php(1301): Model->getDataSource()
#6 C:\xampp\htdocs\oseias\comp_curric_1\blog\lib\Cake\View\Helper\FormHelper.php(197): Model->schema()
#7 C:\xampp\htdocs\oseias\comp_curric_1\blog\lib\Cake\View\Helper\FormHelper.php(436): FormHelper->_introspectModel('User', 'fields')
#8 C:\xampp\htdocs\oseias\comp_curric_1\blog\app\View\Elements\form_login.ctp(19): FormHelper->create('User', Array)
#9 C:\xampp\htdocs\oseias\comp_curric_1\blog\lib\Cake\View\View.php(920): include('C:\xampp\htdocs...')
#10 C:\xampp\htdocs\oseias\comp_curric_1\blog\lib\Cake\View\View.php(883): View->_evaluate('C:\xampp\htdocs...', Array)
#11 C:\xampp\htdocs\oseias\comp_curric_1\blog\lib\Cake\View\View.php(424): View->_render('C:\xampp\htdocs...', Array)
#12 C:\xampp\htdocs\oseias\comp_curric_1\blog\app\View\Pages\home.ctp(65): View->element('form_login')
#13 C:\xampp\htdocs\oseias\comp_curric_1\blog\lib\Cake\View\View.php(920): include('C:\xampp\htdocs...')
#14 C:\xampp\htdocs\oseias\comp_curric_1\blog\lib\Cake\View\View.php(883): View->_evaluate('C:\xampp\htdocs...', Array)
#15 C:\xampp\htdocs\oseias\comp_curric_1\blog\lib\Cake\View\View.php(475): View->_render('C:\xampp\htdocs...')
#16 C:\xampp\htdocs\oseias\comp_curric_1\blog\lib\Cake\Controller\Controller.php(957): View->render(NULL, NULL)
#17 C:\xampp\htdocs\oseias\comp_curric_1\blog\lib\Cake\Routing\Dispatcher.php(193): Controller->render()
#18 C:\xampp\htdocs\oseias\comp_curric_1\blog\lib\Cake\Routing\Dispatcher.php(161): Dispatcher->_invoke(Object(PagesController), Object(CakeRequest), Object(CakeResponse))
#19 C:\xampp\htdocs\oseias\comp_curric_1\blog\app\webroot\index.php(92): Dispatcher->dispatch(Object(CakeRequest), Object(CakeResponse))
#20 {main}
2012-11-27 22:35:27 Error: [MissingConnectionException] Database connection "SQLSTATE[HY000] [1045] Access denied for user 'root'@'localhost' (using password: YES)" is missing, or could not be created.
#0 C:\xampp\htdocs\oseias\comp_curric_1\blog\lib\Cake\Model\Datasource\DboSource.php(260): Mysql->connect()
#1 C:\xampp\htdocs\oseias\comp_curric_1\blog\lib\Cake\Model\ConnectionManager.php(101): DboSource->__construct(Array)
#2 C:\xampp\htdocs\oseias\comp_curric_1\blog\lib\Cake\Model\Model.php(3158): ConnectionManager::getDataSource('default')
#3 C:\xampp\htdocs\oseias\comp_curric_1\blog\lib\Cake\Model\Model.php(1092): Model->setDataSource('default')
#4 C:\xampp\htdocs\oseias\comp_curric_1\blog\lib\Cake\Model\Model.php(3180): Model->setSource('users')
#5 C:\xampp\htdocs\oseias\comp_curric_1\blog\lib\Cake\Model\Model.php(1301): Model->getDataSource()
#6 C:\xampp\htdocs\oseias\comp_curric_1\blog\lib\Cake\View\Helper\FormHelper.php(197): Model->schema()
#7 C:\xampp\htdocs\oseias\comp_curric_1\blog\lib\Cake\View\Helper\FormHelper.php(436): FormHelper->_introspectModel('User', 'fields')
#8 C:\xampp\htdocs\oseias\comp_curric_1\blog\app\View\Elements\form_login.ctp(19): FormHelper->create('User', Array)
#9 C:\xampp\htdocs\oseias\comp_curric_1\blog\lib\Cake\View\View.php(920): include('C:\xampp\htdocs...')
#10 C:\xampp\htdocs\oseias\comp_curric_1\blog\lib\Cake\View\View.php(883): View->_evaluate('C:\xampp\htdocs...', Array)
#11 C:\xampp\htdocs\oseias\comp_curric_1\blog\lib\Cake\View\View.php(424): View->_render('C:\xampp\htdocs...', Array)
#12 C:\xampp\htdocs\oseias\comp_curric_1\blog\app\View\Pages\home.ctp(65): View->element('form_login')
#13 C:\xampp\htdocs\oseias\comp_curric_1\blog\lib\Cake\View\View.php(920): include('C:\xampp\htdocs...')
#14 C:\xampp\htdocs\oseias\comp_curric_1\blog\lib\Cake\View\View.php(883): View->_evaluate('C:\xampp\htdocs...', Array)
#15 C:\xampp\htdocs\oseias\comp_curric_1\blog\lib\Cake\View\View.php(475): View->_render('C:\xampp\htdocs...')
#16 C:\xampp\htdocs\oseias\comp_curric_1\blog\lib\Cake\Controller\Controller.php(957): View->render(NULL, NULL)
#17 C:\xampp\htdocs\oseias\comp_curric_1\blog\lib\Cake\Routing\Dispatcher.php(193): Controller->render()
#18 C:\xampp\htdocs\oseias\comp_curric_1\blog\lib\Cake\Routing\Dispatcher.php(161): Dispatcher->_invoke(Object(PagesController), Object(CakeRequest), Object(CakeResponse))
#19 C:\xampp\htdocs\oseias\comp_curric_1\blog\app\webroot\index.php(92): Dispatcher->dispatch(Object(CakeRequest), Object(CakeResponse))
#20 {main}
2012-11-27 23:49:43 Error: [MissingControllerException] Controller class HomeController could not be found.
#0 C:\xampp\htdocs\oseias\comp_curric_1\blog\app\webroot\index.php(92): Dispatcher->dispatch(Object(CakeRequest), Object(CakeResponse))
#1 {main}
2012-11-27 23:52:22 Error: [MissingControllerException] Controller class HomeController could not be found.
#0 C:\xampp\htdocs\oseias\comp_curric_1\blog\app\webroot\index.php(92): Dispatcher->dispatch(Object(CakeRequest), Object(CakeResponse))
#1 {main}
2012-11-27 23:52:31 Error: [MissingControllerException] Controller class HomeController could not be found.
#0 C:\xampp\htdocs\oseias\comp_curric_1\blog\app\webroot\index.php(92): Dispatcher->dispatch(Object(CakeRequest), Object(CakeResponse))
#1 {main}
2012-11-27 23:53:54 Error: [MissingControllerException] Controller class HomeController could not be found.
#0 C:\xampp\htdocs\oseias\comp_curric_1\blog\app\webroot\index.php(92): Dispatcher->dispatch(Object(CakeRequest), Object(CakeResponse))
#1 {main}
2012-11-27 23:54:17 Error: [MissingControllerException] Controller class HomeController could not be found.
#0 C:\xampp\htdocs\oseias\comp_curric_1\blog\app\webroot\index.php(92): Dispatcher->dispatch(Object(CakeRequest), Object(CakeResponse))
#1 {main}
2012-11-27 23:55:45 Error: [MissingControllerException] Controller class HomeController could not be found.
#0 C:\xampp\htdocs\oseias\comp_curric_1\blog\app\webroot\index.php(92): Dispatcher->dispatch(Object(CakeRequest), Object(CakeResponse))
#1 {main}
2012-11-27 23:55:49 Error: [MissingControllerException] Controller class HomeController could not be found.
#0 C:\xampp\htdocs\oseias\comp_curric_1\blog\app\webroot\index.php(92): Dispatcher->dispatch(Object(CakeRequest), Object(CakeResponse))
#1 {main}
2012-11-27 23:55:50 Error: [MissingControllerException] Controller class HomeController could not be found.
#0 C:\xampp\htdocs\oseias\comp_curric_1\blog\app\webroot\index.php(92): Dispatcher->dispatch(Object(CakeRequest), Object(CakeResponse))
#1 {main}
2012-11-27 23:55:50 Error: [MissingControllerException] Controller class HomeController could not be found.
#0 C:\xampp\htdocs\oseias\comp_curric_1\blog\app\webroot\index.php(92): Dispatcher->dispatch(Object(CakeRequest), Object(CakeResponse))
#1 {main}
2012-11-27 23:57:10 Error: Fatal Error (4): syntax error, unexpected '}', expecting ',' or ';' in [C:\xampp\htdocs\oseias\comp_curric_1\blog\app\Controller\HomeController.php, line 8]
2012-11-27 23:57:10 Error: [FatalErrorException] syntax error, unexpected '}', expecting ',' or ';'
#0 C:\xampp\htdocs\oseias\comp_curric_1\blog\lib\Cake\Error\ErrorHandler.php(162): ErrorHandler::handleFatalError(4, 'syntax error, u...', 'C:\xampp\htdocs...', 8)
#1 [internal function]: ErrorHandler::handleError(4, 'syntax error, u...', 'C:\xampp\htdocs...', 8, Array)
#2 C:\xampp\htdocs\oseias\comp_curric_1\blog\lib\Cake\Core\App.php(926): call_user_func('ErrorHandler::h...', 4, 'syntax error, u...', 'C:\xampp\htdocs...', 8, Array)
#3 C:\xampp\htdocs\oseias\comp_curric_1\blog\lib\Cake\Core\App.php(899): App::_checkFatalError()
#4 [internal function]: App::shutdown()
#5 {main}
2012-11-27 23:57:24 Error: Fatal Error (4): syntax error, unexpected '}', expecting ',' or ';' in [C:\xampp\htdocs\oseias\comp_curric_1\blog\app\Controller\HomeController.php, line 8]
2012-11-27 23:57:24 Error: [FatalErrorException] syntax error, unexpected '}', expecting ',' or ';'
#0 C:\xampp\htdocs\oseias\comp_curric_1\blog\lib\Cake\Error\ErrorHandler.php(162): ErrorHandler::handleFatalError(4, 'syntax error, u...', 'C:\xampp\htdocs...', 8)
#1 [internal function]: ErrorHandler::handleError(4, 'syntax error, u...', 'C:\xampp\htdocs...', 8, Array)
#2 C:\xampp\htdocs\oseias\comp_curric_1\blog\lib\Cake\Core\App.php(926): call_user_func('ErrorHandler::h...', 4, 'syntax error, u...', 'C:\xampp\htdocs...', 8, Array)
#3 C:\xampp\htdocs\oseias\comp_curric_1\blog\lib\Cake\Core\App.php(899): App::_checkFatalError()
#4 [internal function]: App::shutdown()
#5 {main}
2012-11-27 23:58:53 Error: Fatal Error (4): syntax error, unexpected '}', expecting ',' or ';' in [C:\xampp\htdocs\oseias\comp_curric_1\blog\app\Controller\HomeController.php, line 8]
2012-11-27 23:58:53 Error: [FatalErrorException] syntax error, unexpected '}', expecting ',' or ';'
#0 C:\xampp\htdocs\oseias\comp_curric_1\blog\lib\Cake\Error\ErrorHandler.php(162): ErrorHandler::handleFatalError(4, 'syntax error, u...', 'C:\xampp\htdocs...', 8)
#1 [internal function]: ErrorHandler::handleError(4, 'syntax error, u...', 'C:\xampp\htdocs...', 8, Array)
#2 C:\xampp\htdocs\oseias\comp_curric_1\blog\lib\Cake\Core\App.php(926): call_user_func('ErrorHandler::h...', 4, 'syntax error, u...', 'C:\xampp\htdocs...', 8, Array)
#3 C:\xampp\htdocs\oseias\comp_curric_1\blog\lib\Cake\Core\App.php(899): App::_checkFatalError()
#4 [internal function]: App::shutdown()
#5 {main}
2012-11-28 00:01:46 Error: [MissingControllerException] Controller class HomeController could not be found.
#0 C:\xampp\htdocs\oseias\comp_curric_1\blog\app\webroot\index.php(92): Dispatcher->dispatch(Object(CakeRequest), Object(CakeResponse))
#1 {main}
2012-11-28 00:02:03 Error: [MissingControllerException] Controller class HomeController could not be found.
#0 C:\xampp\htdocs\oseias\comp_curric_1\blog\app\webroot\index.php(92): Dispatcher->dispatch(Object(CakeRequest), Object(CakeResponse))
#1 {main}
2012-11-28 00:02:07 Error: [MissingControllerException] Controller class HomeController could not be found.
#0 C:\xampp\htdocs\oseias\comp_curric_1\blog\app\webroot\index.php(92): Dispatcher->dispatch(Object(CakeRequest), Object(CakeResponse))
#1 {main}
2012-11-28 00:02:08 Error: [MissingControllerException] Controller class HomeController could not be found.
#0 C:\xampp\htdocs\oseias\comp_curric_1\blog\app\webroot\index.php(92): Dispatcher->dispatch(Object(CakeRequest), Object(CakeResponse))
#1 {main}
2012-11-28 00:02:09 Error: [MissingControllerException] Controller class HomeController could not be found.
#0 C:\xampp\htdocs\oseias\comp_curric_1\blog\app\webroot\index.php(92): Dispatcher->dispatch(Object(CakeRequest), Object(CakeResponse))
#1 {main}
2012-11-28 00:02:10 Error: [MissingControllerException] Controller class HomeController could not be found.
#0 C:\xampp\htdocs\oseias\comp_curric_1\blog\app\webroot\index.php(92): Dispatcher->dispatch(Object(CakeRequest), Object(CakeResponse))
#1 {main}
2012-11-28 00:02:10 Error: [MissingControllerException] Controller class HomeController could not be found.
#0 C:\xampp\htdocs\oseias\comp_curric_1\blog\app\webroot\index.php(92): Dispatcher->dispatch(Object(CakeRequest), Object(CakeResponse))
#1 {main}
2012-11-28 00:02:11 Error: [MissingControllerException] Controller class HomeController could not be found.
#0 C:\xampp\htdocs\oseias\comp_curric_1\blog\app\webroot\index.php(92): Dispatcher->dispatch(Object(CakeRequest), Object(CakeResponse))
#1 {main}
2012-11-28 00:04:16 Error: [MissingControllerException] Controller class HomeController could not be found.
#0 C:\xampp\htdocs\oseias\comp_curric_1\blog\app\webroot\index.php(92): Dispatcher->dispatch(Object(CakeRequest), Object(CakeResponse))
#1 {main}
2012-11-28 00:06:18 Error: [MissingControllerException] Controller class HelloController could not be found.
#0 C:\xampp\htdocs\oseias\comp_curric_1\blog\app\webroot\index.php(92): Dispatcher->dispatch(Object(CakeRequest), Object(CakeResponse))
#1 {main}
2012-11-28 00:11:41 Error: [MissingControllerException] Controller class HelloController could not be found.
#0 C:\xampp\htdocs\oseias\comp_curric_1\blog\app\webroot\index.php(92): Dispatcher->dispatch(Object(CakeRequest), Object(CakeResponse))
#1 {main}
2012-11-28 00:11:44 Error: [MissingControllerException] Controller class HelloController could not be found.
#0 C:\xampp\htdocs\oseias\comp_curric_1\blog\app\webroot\index.php(92): Dispatcher->dispatch(Object(CakeRequest), Object(CakeResponse))
#1 {main}
2012-11-28 00:11:52 Error: [MissingControllerException] Controller class HelloController could not be found.
#0 C:\xampp\htdocs\oseias\comp_curric_1\blog\app\webroot\index.php(92): Dispatcher->dispatch(Object(CakeRequest), Object(CakeResponse))
#1 {main}
2012-11-28 00:12:34 Error: [MissingControllerException] Controller class HelloController could not be found.
#0 C:\xampp\htdocs\oseias\comp_curric_1\blog\app\webroot\index.php(92): Dispatcher->dispatch(Object(CakeRequest), Object(CakeResponse))
#1 {main}
2012-11-28 00:12:41 Error: [MissingControllerException] Controller class HelloController could not be found.
#0 C:\xampp\htdocs\oseias\comp_curric_1\blog\app\webroot\index.php(92): Dispatcher->dispatch(Object(CakeRequest), Object(CakeResponse))
#1 {main}
2012-11-28 00:12:42 Error: [MissingControllerException] Controller class HelloController could not be found.
#0 C:\xampp\htdocs\oseias\comp_curric_1\blog\app\webroot\index.php(92): Dispatcher->dispatch(Object(CakeRequest), Object(CakeResponse))
#1 {main}
2012-11-28 00:12:42 Error: [MissingControllerException] Controller class HelloController could not be found.
#0 C:\xampp\htdocs\oseias\comp_curric_1\blog\app\webroot\index.php(92): Dispatcher->dispatch(Object(CakeRequest), Object(CakeResponse))
#1 {main}
2012-11-28 00:14:20 Error: Fatal Error (4): syntax error, unexpected '}', expecting variable (T_VARIABLE) in [C:\xampp\htdocs\oseias\comp_curric_1\blog\app\Controller\HelloController.php, line 25]
2012-11-28 00:14:20 Error: [FatalErrorException] syntax error, unexpected '}', expecting variable (T_VARIABLE)
#0 C:\xampp\htdocs\oseias\comp_curric_1\blog\lib\Cake\Error\ErrorHandler.php(162): ErrorHandler::handleFatalError(4, 'syntax error, u...', 'C:\xampp\htdocs...', 25)
#1 [internal function]: ErrorHandler::handleError(4, 'syntax error, u...', 'C:\xampp\htdocs...', 25, Array)
#2 C:\xampp\htdocs\oseias\comp_curric_1\blog\lib\Cake\Core\App.php(926): call_user_func('ErrorHandler::h...', 4, 'syntax error, u...', 'C:\xampp\htdocs...', 25, Array)
#3 C:\xampp\htdocs\oseias\comp_curric_1\blog\lib\Cake\Core\App.php(899): App::_checkFatalError()
#4 [internal function]: App::shutdown()
#5 {main}
2012-11-28 01:30:16 Error: [MissingControllerException] Controller class HomeController could not be found.
#0 C:\xampp\htdocs\oseias\comp_curric_1\blog\app\webroot\index.php(92): Dispatcher->dispatch(Object(CakeRequest), Object(CakeResponse))
#1 {main}
2012-11-28 01:31:19 Error: [MissingControllerException] Controller class HomeController could not be found.
#0 C:\xampp\htdocs\oseias\comp_curric_1\blog\app\webroot\index.php(92): Dispatcher->dispatch(Object(CakeRequest), Object(CakeResponse))
#1 {main}
2012-11-28 01:32:02 Error: [MissingControllerException] Controller class HomeController could not be found.
#0 C:\xampp\htdocs\oseias\comp_curric_1\blog\app\webroot\index.php(92): Dispatcher->dispatch(Object(CakeRequest), Object(CakeResponse))
#1 {main}
2012-11-28 01:32:09 Error: [MissingControllerException] Controller class HomeController could not be found.
#0 C:\xampp\htdocs\oseias\comp_curric_1\blog\app\webroot\index.php(92): Dispatcher->dispatch(Object(CakeRequest), Object(CakeResponse))
#1 {main}
2012-11-28 01:32:49 Error: [MissingControllerException] Controller class HomeController could not be found.
#0 C:\xampp\htdocs\oseias\comp_curric_1\blog\app\webroot\index.php(92): Dispatcher->dispatch(Object(CakeRequest), Object(CakeResponse))
#1 {main}
2012-11-28 01:39:02 Error: [MissingControllerException] Controller class HomeController could not be found.
#0 C:\xampp\htdocs\oseias\comp_curric_1\blog\app\webroot\index.php(92): Dispatcher->dispatch(Object(CakeRequest), Object(CakeResponse))
#1 {main}
2012-11-28 01:47:51 Error: Fatal Error (4): syntax error, unexpected 'public' (T_PUBLIC) in [C:\xampp\htdocs\oseias\comp_curric_1\blog\app\Controller\HelloController.php, line 8]
2012-11-28 01:47:51 Error: [FatalErrorException] syntax error, unexpected 'public' (T_PUBLIC)
#0 C:\xampp\htdocs\oseias\comp_curric_1\blog\lib\Cake\Error\ErrorHandler.php(162): ErrorHandler::handleFatalError(4, 'syntax error, u...', 'C:\xampp\htdocs...', 8)
#1 [internal function]: ErrorHandler::handleError(4, 'syntax error, u...', 'C:\xampp\htdocs...', 8, Array)
#2 C:\xampp\htdocs\oseias\comp_curric_1\blog\lib\Cake\Core\App.php(926): call_user_func('ErrorHandler::h...', 4, 'syntax error, u...', 'C:\xampp\htdocs...', 8, Array)
#3 C:\xampp\htdocs\oseias\comp_curric_1\blog\lib\Cake\Core\App.php(899): App::_checkFatalError()
#4 [internal function]: App::shutdown()
#5 {main}
2012-11-28 01:48:40 Error: Fatal Error (1): Call to a member function find() on a non-object in [C:\xampp\htdocs\oseias\comp_curric_1\blog\app\Controller\HelloController.php, line 12]
2012-11-28 01:48:40 Error: [FatalErrorException] Call to a member function find() on a non-object
#0 C:\xampp\htdocs\oseias\comp_curric_1\blog\lib\Cake\Error\ErrorHandler.php(162): ErrorHandler::handleFatalError(1, 'Call to a membe...', 'C:\xampp\htdocs...', 12)
#1 [internal function]: ErrorHandler::handleError(1, 'Call to a membe...', 'C:\xampp\htdocs...', 12, Array)
#2 C:\xampp\htdocs\oseias\comp_curric_1\blog\lib\Cake\Core\App.php(926): call_user_func('ErrorHandler::h...', 1, 'Call to a membe...', 'C:\xampp\htdocs...', 12, Array)
#3 C:\xampp\htdocs\oseias\comp_curric_1\blog\lib\Cake\Core\App.php(899): App::_checkFatalError()
#4 [internal function]: App::shutdown()
#5 {main}
2012-11-28 01:49:42 Error: [MissingControllerException] Controller class HomeController could not be found.
#0 C:\xampp\htdocs\oseias\comp_curric_1\blog\app\webroot\index.php(92): Dispatcher->dispatch(Object(CakeRequest), Object(CakeResponse))
#1 {main}
2012-11-28 01:49:44 Error: [MissingControllerException] Controller class HomeController could not be found.
#0 C:\xampp\htdocs\oseias\comp_curric_1\blog\app\webroot\index.php(92): Dispatcher->dispatch(Object(CakeRequest), Object(CakeResponse))
#1 {main}
2012-11-28 01:49:49 Error: [MissingControllerException] Controller class HomeController could not be found.
#0 C:\xampp\htdocs\oseias\comp_curric_1\blog\app\webroot\index.php(92): Dispatcher->dispatch(Object(CakeRequest), Object(CakeResponse))
#1 {main}
2012-11-28 01:50:24 Error: [MissingControllerException] Controller class HomeController could not be found.
#0 C:\xampp\htdocs\oseias\comp_curric_1\blog\app\webroot\index.php(92): Dispatcher->dispatch(Object(CakeRequest), Object(CakeResponse))
#1 {main}
2012-11-28 01:53:01 Error: [MissingControllerException] Controller class HomeController could not be found.
#0 C:\xampp\htdocs\oseias\comp_curric_1\blog\app\webroot\index.php(92): Dispatcher->dispatch(Object(CakeRequest), Object(CakeResponse))
#1 {main}
2012-11-28 01:58:34 Error: [MissingControllerException] Controller class HomeController could not be found.
#0 C:\xampp\htdocs\oseias\comp_curric_1\blog\app\webroot\index.php(92): Dispatcher->dispatch(Object(CakeRequest), Object(CakeResponse))
#1 {main}
2012-11-28 01:59:53 Error: [MissingControllerException] Controller class JsController could not be found.
#0 C:\xampp\htdocs\oseias\comp_curric_1\blog\app\webroot\index.php(92): Dispatcher->dispatch(Object(CakeRequest), Object(CakeResponse))
#1 {main}
2012-11-28 02:00:42 Error: [MissingControllerException] Controller class JsController could not be found.
#0 C:\xampp\htdocs\oseias\comp_curric_1\blog\app\webroot\index.php(92): Dispatcher->dispatch(Object(CakeRequest), Object(CakeResponse))
#1 {main}
2012-11-28 02:00:54 Error: [MissingControllerException] Controller class JsController could not be found.
#0 C:\xampp\htdocs\oseias\comp_curric_1\blog\app\webroot\index.php(92): Dispatcher->dispatch(Object(CakeRequest), Object(CakeResponse))
#1 {main}
2012-11-28 02:03:22 Error: [MissingControllerException] Controller class HomeController could not be found.
#0 C:\xampp\htdocs\oseias\comp_curric_1\blog\app\webroot\index.php(92): Dispatcher->dispatch(Object(CakeRequest), Object(CakeResponse))
#1 {main}
2012-11-28 02:05:18 Error: Fatal Error (4): syntax error, unexpected 'public' (T_PUBLIC) in [C:\xampp\htdocs\oseias\comp_curric_1\blog\app\View\hello\sobremim.ctp, line 3]
2012-11-28 02:05:18 Error: [FatalErrorException] syntax error, unexpected 'public' (T_PUBLIC)
#0 C:\xampp\htdocs\oseias\comp_curric_1\blog\lib\Cake\Error\ErrorHandler.php(162): ErrorHandler::handleFatalError(4, 'syntax error, u...', 'C:\xampp\htdocs...', 3)
#1 [internal function]: ErrorHandler::handleError(4, 'syntax error, u...', 'C:\xampp\htdocs...', 3, Array)
#2 C:\xampp\htdocs\oseias\comp_curric_1\blog\lib\Cake\Core\App.php(926): call_user_func('ErrorHandler::h...', 4, 'syntax error, u...', 'C:\xampp\htdocs...', 3, Array)
#3 C:\xampp\htdocs\oseias\comp_curric_1\blog\lib\Cake\Core\App.php(899): App::_checkFatalError()
#4 [internal function]: App::shutdown()
#5 {main}
2012-11-28 02:06:18 Error: [MissingViewException] View file "C:\xampp\htdocs\oseias\comp_curric_1\blog\app\View\Hello\sobremim.ctp" is missing.
#0 C:\xampp\htdocs\oseias\comp_curric_1\blog\lib\Cake\View\View.php(472): View->_getViewFileName(NULL)
#1 C:\xampp\htdocs\oseias\comp_curric_1\blog\lib\Cake\Controller\Controller.php(957): View->render(NULL, NULL)
#2 C:\xampp\htdocs\oseias\comp_curric_1\blog\lib\Cake\Routing\Dispatcher.php(193): Controller->render()
#3 C:\xampp\htdocs\oseias\comp_curric_1\blog\lib\Cake\Routing\Dispatcher.php(161): Dispatcher->_invoke(Object(HelloController), Object(CakeRequest), Object(CakeResponse))
#4 C:\xampp\htdocs\oseias\comp_curric_1\blog\app\webroot\index.php(92): Dispatcher->dispatch(Object(CakeRequest), Object(CakeResponse))
#5 {main}
2012-11-28 22:20:51 Error: Fatal Error (4): syntax error, unexpected '(', expecting '{' in [C:\xampp\htdocs\oseias\comp_curric_1\blog\app\Controller\PostsController.php, line 3]
2012-11-28 22:20:51 Error: [FatalErrorException] syntax error, unexpected '(', expecting '{'
#0 C:\xampp\htdocs\oseias\comp_curric_1\blog\lib\Cake\Error\ErrorHandler.php(162): ErrorHandler::handleFatalError(4, 'syntax error, u...', 'C:\xampp\htdocs...', 3)
#1 [internal function]: ErrorHandler::handleError(4, 'syntax error, u...', 'C:\xampp\htdocs...', 3, Array)
#2 C:\xampp\htdocs\oseias\comp_curric_1\blog\lib\Cake\Core\App.php(926): call_user_func('ErrorHandler::h...', 4, 'syntax error, u...', 'C:\xampp\htdocs...', 3, Array)
#3 C:\xampp\htdocs\oseias\comp_curric_1\blog\lib\Cake\Core\App.php(899): App::_checkFatalError()
#4 [internal function]: App::shutdown()
#5 {main}
2012-11-28 22:21:16 Error: Fatal Error (1): Class 'Appmodel' not found in [C:\xampp\htdocs\oseias\comp_curric_1\blog\app\Model\Post.php, line 3]
2012-11-28 22:21:16 Error: [FatalErrorException] Class 'Appmodel' not found
#0 C:\xampp\htdocs\oseias\comp_curric_1\blog\lib\Cake\Error\ErrorHandler.php(162): ErrorHandler::handleFatalError(1, 'Class 'Appmodel...', 'C:\xampp\htdocs...', 3)
#1 [internal function]: ErrorHandler::handleError(1, 'Class 'Appmodel...', 'C:\xampp\htdocs...', 3, Array)
#2 C:\xampp\htdocs\oseias\comp_curric_1\blog\lib\Cake\Core\App.php(926): call_user_func('ErrorHandler::h...', 1, 'Class 'Appmodel...', 'C:\xampp\htdocs...', 3, Array)
#3 C:\xampp\htdocs\oseias\comp_curric_1\blog\lib\Cake\Core\App.php(899): App::_checkFatalError()
#4 [internal function]: App::shutdown()
#5 {main}
2012-11-28 22:43:56 Error: [MissingActionException] Action PostsController::view1() could not be found.
#0 C:\xampp\htdocs\oseias\comp_curric_1\blog\lib\Cake\Routing\Dispatcher.php(186): Controller->invokeAction(Object(CakeRequest))
#1 C:\xampp\htdocs\oseias\comp_curric_1\blog\lib\Cake\Routing\Dispatcher.php(161): Dispatcher->_invoke(Object(PostsController), Object(CakeRequest), Object(CakeResponse))
#2 C:\xampp\htdocs\oseias\comp_curric_1\blog\app\webroot\index.php(92): Dispatcher->dispatch(Object(CakeRequest), Object(CakeResponse))
#3 {main}
2012-11-28 22:48:41 Error: [MissingViewException] View file "C:\xampp\htdocs\oseias\comp_curric_1\blog\app\View\Posts\view1.ctp" is missing.
#0 C:\xampp\htdocs\oseias\comp_curric_1\blog\lib\Cake\View\View.php(472): View->_getViewFileName(NULL)
#1 C:\xampp\htdocs\oseias\comp_curric_1\blog\lib\Cake\Controller\Controller.php(957): View->render(NULL, NULL)
#2 C:\xampp\htdocs\oseias\comp_curric_1\blog\lib\Cake\Routing\Dispatcher.php(193): Controller->render()
#3 C:\xampp\htdocs\oseias\comp_curric_1\blog\lib\Cake\Routing\Dispatcher.php(161): Dispatcher->_invoke(Object(PostsController), Object(CakeRequest), Object(CakeResponse))
#4 C:\xampp\htdocs\oseias\comp_curric_1\blog\app\webroot\index.php(92): Dispatcher->dispatch(Object(CakeRequest), Object(CakeResponse))
#5 {main}
2012-11-28 22:48:59 Error: [MissingActionException] Action PostsController::view1() could not be found.
#0 C:\xampp\htdocs\oseias\comp_curric_1\blog\lib\Cake\Routing\Dispatcher.php(186): Controller->invokeAction(Object(CakeRequest))
#1 C:\xampp\htdocs\oseias\comp_curric_1\blog\lib\Cake\Routing\Dispatcher.php(161): Dispatcher->_invoke(Object(PostsController), Object(CakeRequest), Object(CakeResponse))
#2 C:\xampp\htdocs\oseias\comp_curric_1\blog\app\webroot\index.php(92): Dispatcher->dispatch(Object(CakeRequest), Object(CakeResponse))
#3 {main}
2012-11-28 22:49:53 Error: Fatal Error (4): syntax error, unexpected 'public' (T_PUBLIC) in [C:\xampp\htdocs\oseias\comp_curric_1\blog\app\Controller\PostsController.php, line 17]
2012-11-28 22:49:53 Error: [FatalErrorException] syntax error, unexpected 'public' (T_PUBLIC)
#0 C:\xampp\htdocs\oseias\comp_curric_1\blog\lib\Cake\Error\ErrorHandler.php(162): ErrorHandler::handleFatalError(4, 'syntax error, u...', 'C:\xampp\htdocs...', 17)
#1 [internal function]: ErrorHandler::handleError(4, 'syntax error, u...', 'C:\xampp\htdocs...', 17, Array)
#2 C:\xampp\htdocs\oseias\comp_curric_1\blog\lib\Cake\Core\App.php(926): call_user_func('ErrorHandler::h...', 4, 'syntax error, u...', 'C:\xampp\htdocs...', 17, Array)
#3 C:\xampp\htdocs\oseias\comp_curric_1\blog\lib\Cake\Core\App.php(899): App::_checkFatalError()
#4 [internal function]: App::shutdown()
#5 {main}
2012-11-28 22:50:18 Error: [MissingActionException] Action PostsController::view1() could not be found.
#0 C:\xampp\htdocs\oseias\comp_curric_1\blog\lib\Cake\Routing\Dispatcher.php(186): Controller->invokeAction(Object(CakeRequest))
#1 C:\xampp\htdocs\oseias\comp_curric_1\blog\lib\Cake\Routing\Dispatcher.php(161): Dispatcher->_invoke(Object(PostsController), Object(CakeRequest), Object(CakeResponse))
#2 C:\xampp\htdocs\oseias\comp_curric_1\blog\app\webroot\index.php(92): Dispatcher->dispatch(Object(CakeRequest), Object(CakeResponse))
#3 {main}
2012-11-28 22:52:32 Error: [MissingActionException] Action PostsController::view1() could not be found.
#0 C:\xampp\htdocs\oseias\comp_curric_1\blog\lib\Cake\Routing\Dispatcher.php(186): Controller->invokeAction(Object(CakeRequest))
#1 C:\xampp\htdocs\oseias\comp_curric_1\blog\lib\Cake\Routing\Dispatcher.php(161): Dispatcher->_invoke(Object(PostsController), Object(CakeRequest), Object(CakeResponse))
#2 C:\xampp\htdocs\oseias\comp_curric_1\blog\app\webroot\index.php(92): Dispatcher->dispatch(Object(CakeRequest), Object(CakeResponse))
#3 {main}
2012-11-28 22:56:08 Error: [MissingActionException] Action PostsController::view1() could not be found.
#0 C:\xampp\htdocs\oseias\comp_curric_1\blog\lib\Cake\Routing\Dispatcher.php(186): Controller->invokeAction(Object(CakeRequest))
#1 C:\xampp\htdocs\oseias\comp_curric_1\blog\lib\Cake\Routing\Dispatcher.php(161): Dispatcher->_invoke(Object(PostsController), Object(CakeRequest), Object(CakeResponse))
#2 C:\xampp\htdocs\oseias\comp_curric_1\blog\app\webroot\index.php(92): Dispatcher->dispatch(Object(CakeRequest), Object(CakeResponse))
#3 {main}
2012-11-28 22:56:47 Error: [MissingViewException] View file "C:\xampp\htdocs\oseias\comp_curric_1\blog\app\View\Posts\view1.ctp" is missing.
#0 C:\xampp\htdocs\oseias\comp_curric_1\blog\lib\Cake\View\View.php(472): View->_getViewFileName(NULL)
#1 C:\xampp\htdocs\oseias\comp_curric_1\blog\lib\Cake\Controller\Controller.php(957): View->render(NULL, NULL)
#2 C:\xampp\htdocs\oseias\comp_curric_1\blog\lib\Cake\Routing\Dispatcher.php(193): Controller->render()
#3 C:\xampp\htdocs\oseias\comp_curric_1\blog\lib\Cake\Routing\Dispatcher.php(161): Dispatcher->_invoke(Object(PostsController), Object(CakeRequest), Object(CakeResponse))
#4 C:\xampp\htdocs\oseias\comp_curric_1\blog\app\webroot\index.php(92): Dispatcher->dispatch(Object(CakeRequest), Object(CakeResponse))
#5 {main}
2012-11-28 22:57:49 Error: [MissingViewException] View file "C:\xampp\htdocs\oseias\comp_curric_1\blog\app\View\Posts\view1.ctp" is missing.
#0 C:\xampp\htdocs\oseias\comp_curric_1\blog\lib\Cake\View\View.php(472): View->_getViewFileName(NULL)
#1 C:\xampp\htdocs\oseias\comp_curric_1\blog\lib\Cake\Controller\Controller.php(957): View->render(NULL, NULL)
#2 C:\xampp\htdocs\oseias\comp_curric_1\blog\lib\Cake\Routing\Dispatcher.php(193): Controller->render()
#3 C:\xampp\htdocs\oseias\comp_curric_1\blog\lib\Cake\Routing\Dispatcher.php(161): Dispatcher->_invoke(Object(PostsController), Object(CakeRequest), Object(CakeResponse))
#4 C:\xampp\htdocs\oseias\comp_curric_1\blog\app\webroot\index.php(92): Dispatcher->dispatch(Object(CakeRequest), Object(CakeResponse))
#5 {main}
2012-11-28 22:58:18 Error: [MissingActionException] Action PostsController::view1() could not be found.
#0 C:\xampp\htdocs\oseias\comp_curric_1\blog\lib\Cake\Routing\Dispatcher.php(186): Controller->invokeAction(Object(CakeRequest))
#1 C:\xampp\htdocs\oseias\comp_curric_1\blog\lib\Cake\Routing\Dispatcher.php(161): Dispatcher->_invoke(Object(PostsController), Object(CakeRequest), Object(CakeResponse))
#2 C:\xampp\htdocs\oseias\comp_curric_1\blog\app\webroot\index.php(92): Dispatcher->dispatch(Object(CakeRequest), Object(CakeResponse))
#3 {main}
2012-11-28 22:58:55 Error: [MissingActionException] Action PostsController::view1() could not be found.
#0 C:\xampp\htdocs\oseias\comp_curric_1\blog\lib\Cake\Routing\Dispatcher.php(186): Controller->invokeAction(Object(CakeRequest))
#1 C:\xampp\htdocs\oseias\comp_curric_1\blog\lib\Cake\Routing\Dispatcher.php(161): Dispatcher->_invoke(Object(PostsController), Object(CakeRequest), Object(CakeResponse))
#2 C:\xampp\htdocs\oseias\comp_curric_1\blog\app\webroot\index.php(92): Dispatcher->dispatch(Object(CakeRequest), Object(CakeResponse))
#3 {main}
2012-11-28 23:00:33 Error: [MissingActionException] Action PostsController::view1() could not be found.
#0 C:\xampp\htdocs\oseias\comp_curric_1\blog\lib\Cake\Routing\Dispatcher.php(186): Controller->invokeAction(Object(CakeRequest))
#1 C:\xampp\htdocs\oseias\comp_curric_1\blog\lib\Cake\Routing\Dispatcher.php(161): Dispatcher->_invoke(Object(PostsController), Object(CakeRequest), Object(CakeResponse))
#2 C:\xampp\htdocs\oseias\comp_curric_1\blog\app\webroot\index.php(92): Dispatcher->dispatch(Object(CakeRequest), Object(CakeResponse))
#3 {main}
2012-11-28 23:02:00 Error: [MissingActionException] Action PostsController::view1() could not be found.
#0 C:\xampp\htdocs\oseias\comp_curric_1\blog\lib\Cake\Routing\Dispatcher.php(186): Controller->invokeAction(Object(CakeRequest))
#1 C:\xampp\htdocs\oseias\comp_curric_1\blog\lib\Cake\Routing\Dispatcher.php(161): Dispatcher->_invoke(Object(PostsController), Object(CakeRequest), Object(CakeResponse))
#2 C:\xampp\htdocs\oseias\comp_curric_1\blog\app\webroot\index.php(92): Dispatcher->dispatch(Object(CakeRequest), Object(CakeResponse))
#3 {main}
2012-11-28 23:05:06 Error: [MissingActionException] Action PostsController::view1() could not be found.
#0 C:\xampp\htdocs\oseias\comp_curric_1\blog\lib\Cake\Routing\Dispatcher.php(186): Controller->invokeAction(Object(CakeRequest))
#1 C:\xampp\htdocs\oseias\comp_curric_1\blog\lib\Cake\Routing\Dispatcher.php(161): Dispatcher->_invoke(Object(PostsController), Object(CakeRequest), Object(CakeResponse))
#2 C:\xampp\htdocs\oseias\comp_curric_1\blog\app\webroot\index.php(92): Dispatcher->dispatch(Object(CakeRequest), Object(CakeResponse))
#3 {main}
2012-11-28 23:07:00 Error: Fatal Error (4): syntax error, unexpected '/', expecting ')' in [C:\xampp\htdocs\oseias\comp_curric_1\blog\app\Controller\PostsController.php, line 4]
2012-11-28 23:07:00 Error: [FatalErrorException] syntax error, unexpected '/', expecting ')'
#0 C:\xampp\htdocs\oseias\comp_curric_1\blog\lib\Cake\Error\ErrorHandler.php(162): ErrorHandler::handleFatalError(4, 'syntax error, u...', 'C:\xampp\htdocs...', 4)
#1 [internal function]: ErrorHandler::handleError(4, 'syntax error, u...', 'C:\xampp\htdocs...', 4, Array)
#2 C:\xampp\htdocs\oseias\comp_curric_1\blog\lib\Cake\Core\App.php(926): call_user_func('ErrorHandler::h...', 4, 'syntax error, u...', 'C:\xampp\htdocs...', 4, Array)
#3 C:\xampp\htdocs\oseias\comp_curric_1\blog\lib\Cake\Core\App.php(899): App::_checkFatalError()
#4 [internal function]: App::shutdown()
#5 {main}
2012-11-28 23:07:38 Error: [MissingActionException] Action PostsController::view1() could not be found.
#0 C:\xampp\htdocs\oseias\comp_curric_1\blog\lib\Cake\Routing\Dispatcher.php(186): Controller->invokeAction(Object(CakeRequest))
#1 C:\xampp\htdocs\oseias\comp_curric_1\blog\lib\Cake\Routing\Dispatcher.php(161): Dispatcher->_invoke(Object(PostsController), Object(CakeRequest), Object(CakeResponse))
#2 C:\xampp\htdocs\oseias\comp_curric_1\blog\app\webroot\index.php(92): Dispatcher->dispatch(Object(CakeRequest), Object(CakeResponse))
#3 {main}
2012-11-28 23:08:03 Error: [MissingActionException] Action PostsController::view1() could not be found.
#0 C:\xampp\htdocs\oseias\comp_curric_1\blog\lib\Cake\Routing\Dispatcher.php(186): Controller->invokeAction(Object(CakeRequest))
#1 C:\xampp\htdocs\oseias\comp_curric_1\blog\lib\Cake\Routing\Dispatcher.php(161): Dispatcher->_invoke(Object(PostsController), Object(CakeRequest), Object(CakeResponse))
#2 C:\xampp\htdocs\oseias\comp_curric_1\blog\app\webroot\index.php(92): Dispatcher->dispatch(Object(CakeRequest), Object(CakeResponse))
#3 {main}
2012-11-28 23:09:20 Error: [MissingActionException] Action PostsController::view1() could not be found.
#0 C:\xampp\htdocs\oseias\comp_curric_1\blog\lib\Cake\Routing\Dispatcher.php(186): Controller->invokeAction(Object(CakeRequest))
#1 C:\xampp\htdocs\oseias\comp_curric_1\blog\lib\Cake\Routing\Dispatcher.php(161): Dispatcher->_invoke(Object(PostsController), Object(CakeRequest), Object(CakeResponse))
#2 C:\xampp\htdocs\oseias\comp_curric_1\blog\app\webroot\index.php(92): Dispatcher->dispatch(Object(CakeRequest), Object(CakeResponse))
#3 {main}
2012-11-28 23:09:23 Error: [MissingActionException] Action PostsController::view1() could not be found.
#0 C:\xampp\htdocs\oseias\comp_curric_1\blog\lib\Cake\Routing\Dispatcher.php(186): Controller->invokeAction(Object(CakeRequest))
#1 C:\xampp\htdocs\oseias\comp_curric_1\blog\lib\Cake\Routing\Dispatcher.php(161): Dispatcher->_invoke(Object(PostsController), Object(CakeRequest), Object(CakeResponse))
#2 C:\xampp\htdocs\oseias\comp_curric_1\blog\app\webroot\index.php(92): Dispatcher->dispatch(Object(CakeRequest), Object(CakeResponse))
#3 {main}
2012-11-28 23:19:32 Error: [MissingActionException] Action PostsController::view1() could not be found.
#0 C:\xampp\htdocs\oseias\comp_curric_1\blog\lib\Cake\Routing\Dispatcher.php(186): Controller->invokeAction(Object(CakeRequest))
#1 C:\xampp\htdocs\oseias\comp_curric_1\blog\lib\Cake\Routing\Dispatcher.php(161): Dispatcher->_invoke(Object(PostsController), Object(CakeRequest), Object(CakeResponse))
#2 C:\xampp\htdocs\oseias\comp_curric_1\blog\app\webroot\index.php(92): Dispatcher->dispatch(Object(CakeRequest), Object(CakeResponse))
#3 {main}
2012-11-28 23:19:35 Error: [MissingActionException] Action PostsController::view1() could not be found.
#0 C:\xampp\htdocs\oseias\comp_curric_1\blog\lib\Cake\Routing\Dispatcher.php(186): Controller->invokeAction(Object(CakeRequest))
#1 C:\xampp\htdocs\oseias\comp_curric_1\blog\lib\Cake\Routing\Dispatcher.php(161): Dispatcher->_invoke(Object(PostsController), Object(CakeRequest), Object(CakeResponse))
#2 C:\xampp\htdocs\oseias\comp_curric_1\blog\app\webroot\index.php(92): Dispatcher->dispatch(Object(CakeRequest), Object(CakeResponse))
#3 {main}
2012-11-28 23:27:27 Error: [MissingControllerException] Controller class ViewController could not be found.
#0 C:\xampp\htdocs\oseias\comp_curric_1\blog\app\webroot\index.php(92): Dispatcher->dispatch(Object(CakeRequest), Object(CakeResponse))
#1 {main}
2012-11-28 23:28:30 Error: [MissingControllerException] Controller class ViewController could not be found.
#0 C:\xampp\htdocs\oseias\comp_curric_1\blog\app\webroot\index.php(92): Dispatcher->dispatch(Object(CakeRequest), Object(CakeResponse))
#1 {main}
2012-11-28 23:29:34 Error: [MissingControllerException] Controller class ViewController could not be found.
#0 C:\xampp\htdocs\oseias\comp_curric_1\blog\app\webroot\index.php(92): Dispatcher->dispatch(Object(CakeRequest), Object(CakeResponse))
#1 {main}
2012-11-28 23:31:56 Error: [MissingControllerException] Controller class ViewController could not be found.
#0 C:\xampp\htdocs\oseias\comp_curric_1\blog\app\webroot\index.php(92): Dispatcher->dispatch(Object(CakeRequest), Object(CakeResponse))
#1 {main}
2012-11-28 23:32:09 Error: [MissingControllerException] Controller class View1Controller could not be found.
#0 C:\xampp\htdocs\oseias\comp_curric_1\blog\app\webroot\index.php(92): Dispatcher->dispatch(Object(CakeRequest), Object(CakeResponse))
#1 {main}
2012-11-28 23:33:20 Error: [MissingControllerException] Controller class ViewController could not be found.
#0 C:\xampp\htdocs\oseias\comp_curric_1\blog\app\webroot\index.php(92): Dispatcher->dispatch(Object(CakeRequest), Object(CakeResponse))
#1 {main}
2012-11-28 23:34:29 Error: [MissingViewException] View file "C:\xampp\htdocs\oseias\comp_curric_1\blog\app\View\Posts\view.ctp" is missing.
#0 C:\xampp\htdocs\oseias\comp_curric_1\blog\lib\Cake\View\View.php(472): View->_getViewFileName(NULL)
#1 C:\xampp\htdocs\oseias\comp_curric_1\blog\lib\Cake\Controller\Controller.php(957): View->render(NULL, NULL)
#2 C:\xampp\htdocs\oseias\comp_curric_1\blog\lib\Cake\Routing\Dispatcher.php(193): Controller->render()
#3 C:\xampp\htdocs\oseias\comp_curric_1\blog\lib\Cake\Routing\Dispatcher.php(161): Dispatcher->_invoke(Object(PostsController), Object(CakeRequest), Object(CakeResponse))
#4 C:\xampp\htdocs\oseias\comp_curric_1\blog\app\webroot\index.php(92): Dispatcher->dispatch(Object(CakeRequest), Object(CakeResponse))
#5 {main}
2012-11-28 23:35:06 Error: [MissingViewException] View file "C:\xampp\htdocs\oseias\comp_curric_1\blog\app\View\Posts\view.ctp" is missing.
#0 C:\xampp\htdocs\oseias\comp_curric_1\blog\lib\Cake\View\View.php(472): View->_getViewFileName(NULL)
#1 C:\xampp\htdocs\oseias\comp_curric_1\blog\lib\Cake\Controller\Controller.php(957): View->render(NULL, NULL)
#2 C:\xampp\htdocs\oseias\comp_curric_1\blog\lib\Cake\Routing\Dispatcher.php(193): Controller->render()
#3 C:\xampp\htdocs\oseias\comp_curric_1\blog\lib\Cake\Routing\Dispatcher.php(161): Dispatcher->_invoke(Object(PostsController), Object(CakeRequest), Object(CakeResponse))
#4 C:\xampp\htdocs\oseias\comp_curric_1\blog\app\webroot\index.php(92): Dispatcher->dispatch(Object(CakeRequest), Object(CakeResponse))
#5 {main}
2012-11-28 23:35:11 Error: [MissingControllerException] Controller class ViewController could not be found.
#0 C:\xampp\htdocs\oseias\comp_curric_1\blog\app\webroot\index.php(92): Dispatcher->dispatch(Object(CakeRequest), Object(CakeResponse))
#1 {main}
2012-11-28 23:35:35 Error: [MissingControllerException] Controller class ViewController could not be found.
#0 C:\xampp\htdocs\oseias\comp_curric_1\blog\app\webroot\index.php(92): Dispatcher->dispatch(Object(CakeRequest), Object(CakeResponse))
#1 {main}
2012-11-28 23:36:52 Error: [MissingViewException] View file "C:\xampp\htdocs\oseias\comp_curric_1\blog\app\View\Posts\view.ctp" is missing.
#0 C:\xampp\htdocs\oseias\comp_curric_1\blog\lib\Cake\View\View.php(472): View->_getViewFileName(NULL)
#1 C:\xampp\htdocs\oseias\comp_curric_1\blog\lib\Cake\Controller\Controller.php(957): View->render(NULL, NULL)
#2 C:\xampp\htdocs\oseias\comp_curric_1\blog\lib\Cake\Routing\Dispatcher.php(193): Controller->render()
#3 C:\xampp\htdocs\oseias\comp_curric_1\blog\lib\Cake\Routing\Dispatcher.php(161): Dispatcher->_invoke(Object(PostsController), Object(CakeRequest), Object(CakeResponse))
#4 C:\xampp\htdocs\oseias\comp_curric_1\blog\app\webroot\index.php(92): Dispatcher->dispatch(Object(CakeRequest), Object(CakeResponse))
#5 {main}
2012-11-28 23:36:57 Error: [MissingViewException] View file "C:\xampp\htdocs\oseias\comp_curric_1\blog\app\View\Posts\view.ctp" is missing.
#0 C:\xampp\htdocs\oseias\comp_curric_1\blog\lib\Cake\View\View.php(472): View->_getViewFileName(NULL)
#1 C:\xampp\htdocs\oseias\comp_curric_1\blog\lib\Cake\Controller\Controller.php(957): View->render(NULL, NULL)
#2 C:\xampp\htdocs\oseias\comp_curric_1\blog\lib\Cake\Routing\Dispatcher.php(193): Controller->render()
#3 C:\xampp\htdocs\oseias\comp_curric_1\blog\lib\Cake\Routing\Dispatcher.php(161): Dispatcher->_invoke(Object(PostsController), Object(CakeRequest), Object(CakeResponse))
#4 C:\xampp\htdocs\oseias\comp_curric_1\blog\app\webroot\index.php(92): Dispatcher->dispatch(Object(CakeRequest), Object(CakeResponse))
#5 {main}
2012-11-29 00:11:02 Error: [MissingActionException] Action PostsController::view1() could not be found.
#0 C:\xampp\htdocs\oseias\comp_curric_1\blog\lib\Cake\Routing\Dispatcher.php(186): Controller->invokeAction(Object(CakeRequest))
#1 C:\xampp\htdocs\oseias\comp_curric_1\blog\lib\Cake\Routing\Dispatcher.php(161): Dispatcher->_invoke(Object(PostsController), Object(CakeRequest), Object(CakeResponse))
#2 C:\xampp\htdocs\oseias\comp_curric_1\blog\app\webroot\index.php(92): Dispatcher->dispatch(Object(CakeRequest), Object(CakeResponse))
#3 {main}
2012-11-29 00:11:22 Error: [MissingActionException] Action PostsController::view1() could not be found.
#0 C:\xampp\htdocs\oseias\comp_curric_1\blog\lib\Cake\Routing\Dispatcher.php(186): Controller->invokeAction(Object(CakeRequest))
#1 C:\xampp\htdocs\oseias\comp_curric_1\blog\lib\Cake\Routing\Dispatcher.php(161): Dispatcher->_invoke(Object(PostsController), Object(CakeRequest), Object(CakeResponse))
#2 C:\xampp\htdocs\oseias\comp_curric_1\blog\app\webroot\index.php(92): Dispatcher->dispatch(Object(CakeRequest), Object(CakeResponse))
#3 {main}
2012-11-29 00:11:47 Error: [MissingActionException] Action PostsController::view1() could not be found.
#0 C:\xampp\htdocs\oseias\comp_curric_1\blog\lib\Cake\Routing\Dispatcher.php(186): Controller->invokeAction(Object(CakeRequest))
#1 C:\xampp\htdocs\oseias\comp_curric_1\blog\lib\Cake\Routing\Dispatcher.php(161): Dispatcher->_invoke(Object(PostsController), Object(CakeRequest), Object(CakeResponse))
#2 C:\xampp\htdocs\oseias\comp_curric_1\blog\app\webroot\index.php(92): Dispatcher->dispatch(Object(CakeRequest), Object(CakeResponse))
#3 {main}
